0 info it worked if it ends with ok
1 verbose cli [
1 verbose cli   '/usr/bin/node',
1 verbose cli   '/usr/bin/npm',
1 verbose cli   'install',
1 verbose cli   '-g',
1 verbose cli   'create-react-app'
1 verbose cli ]
2 info using npm@6.9.0
3 info using node@v12.6.0
4 verbose npm-session b9f5d07cb8be39d4
5 silly install loadCurrentTree
6 silly install readGlobalPackageData
7 http fetch GET 200 https://registry.npmjs.org/create-react-app 126ms
8 silly pacote tag manifest for create-react-app@latest fetched in 149ms
9 timing stage:loadCurrentTree Completed in 180ms
10 silly install loadIdealTree
11 silly install cloneCurrentTreeToIdealTree
12 timing stage:loadIdealTree:cloneCurrentTree Completed in 0ms
13 silly install loadShrinkwrap
14 timing stage:loadIdealTree:loadShrinkwrap Completed in 1ms
15 silly install loadAllDepsIntoIdealTree
16 silly resolveWithNewModule create-react-app@3.0.1 checking installable status
17 http fetch GET 200 https://registry.npmjs.org/chalk 150ms
18 http fetch GET 200 https://registry.npmjs.org/commander 150ms
19 http fetch GET 200 https://registry.npmjs.org/hyperquest 145ms
20 http fetch GET 200 https://registry.npmjs.org/semver 156ms
21 http fetch GET 200 https://registry.npmjs.org/inquirer 159ms
22 http fetch GET 200 https://registry.npmjs.org/envinfo 164ms
23 http fetch GET 200 https://registry.npmjs.org/fs-extra 163ms
24 http fetch GET 200 https://registry.npmjs.org/tar-pack 165ms
25 silly pacote version manifest for chalk@2.4.2 fetched in 184ms
26 silly resolveWithNewModule chalk@2.4.2 checking installable status
27 silly pacote version manifest for commander@2.19.0 fetched in 186ms
28 silly resolveWithNewModule commander@2.19.0 checking installable status
29 silly pacote version manifest for hyperquest@2.1.3 fetched in 179ms
30 silly resolveWithNewModule hyperquest@2.1.3 checking installable status
31 http fetch GET 200 https://registry.npmjs.org/tmp 178ms
32 http fetch GET 200 https://registry.npmjs.org/cross-spawn 191ms
33 silly pacote version manifest for semver@6.0.0 fetched in 182ms
34 silly resolveWithNewModule semver@6.0.0 checking installable status
35 silly pacote version manifest for inquirer@6.2.2 fetched in 187ms
36 silly resolveWithNewModule inquirer@6.2.2 checking installable status
37 silly pacote version manifest for envinfo@7.1.0 fetched in 190ms
38 silly resolveWithNewModule envinfo@7.1.0 checking installable status
39 silly pacote version manifest for fs-extra@7.0.1 fetched in 190ms
40 silly resolveWithNewModule fs-extra@7.0.1 checking installable status
41 silly pacote version manifest for tar-pack@3.4.1 fetched in 188ms
42 silly resolveWithNewModule tar-pack@3.4.1 checking installable status
43 silly pacote version manifest for cross-spawn@6.0.5 fetched in 201ms
44 silly resolveWithNewModule cross-spawn@6.0.5 checking installable status
45 http fetch GET 200 https://registry.npmjs.org/validate-npm-package-name 36ms
46 http fetch GET 200 https://registry.npmjs.org/tmp/-/tmp-0.0.33.tgz 41ms
47 silly pacote version manifest for tmp@0.0.33 fetched in 235ms
48 silly resolveWithNewModule tmp@0.0.33 checking installable status
49 http fetch GET 200 https://registry.npmjs.org/validate-npm-package-name/-/validate-npm-package-name-3.0.0.tgz 37ms
50 silly pacote version manifest for validate-npm-package-name@3.0.0 fetched in 81ms
51 silly resolveWithNewModule validate-npm-package-name@3.0.0 checking installable status
52 http fetch GET 200 https://registry.npmjs.org/ansi-styles 45ms
53 silly pacote range manifest for ansi-styles@^3.2.1 fetched in 48ms
54 silly resolveWithNewModule ansi-styles@3.2.1 checking installable status
55 http fetch GET 200 https://registry.npmjs.org/supports-color 49ms
56 silly pacote range manifest for supports-color@^5.3.0 fetched in 53ms
57 silly resolveWithNewModule supports-color@5.5.0 checking installable status
58 http fetch GET 200 https://registry.npmjs.org/escape-string-regexp 108ms
59 http fetch GET 200 https://registry.npmjs.org/escape-string-regexp/-/escape-string-regexp-1.0.5.tgz 39ms
60 silly pacote range manifest for escape-string-regexp@^1.0.5 fetched in 151ms
61 silly resolveWithNewModule escape-string-regexp@1.0.5 checking installable status
62 http fetch GET 200 https://registry.npmjs.org/color-convert 31ms
63 silly pacote range manifest for color-convert@^1.9.0 fetched in 34ms
64 silly resolveWithNewModule color-convert@1.9.3 checking installable status
65 http fetch GET 200 https://registry.npmjs.org/color-name 30ms
66 http fetch GET 200 https://registry.npmjs.org/color-name/-/color-name-1.1.3.tgz 47ms
67 silly pacote version manifest for color-name@1.1.3 fetched in 83ms
68 silly resolveWithNewModule color-name@1.1.3 checking installable status
69 http fetch GET 200 https://registry.npmjs.org/has-flag 25ms
70 http fetch GET 200 https://registry.npmjs.org/has-flag/-/has-flag-3.0.0.tgz 27ms
71 silly pacote range manifest for has-flag@^3.0.0 fetched in 56ms
72 silly resolveWithNewModule has-flag@3.0.0 checking installable status
73 silly pacote range manifest for semver@^5.5.0 fetched in 12ms
74 silly resolveWithNewModule semver@5.7.0 checking installable status
75 http fetch GET 200 https://registry.npmjs.org/shebang-command 35ms
76 http fetch GET 200 https://registry.npmjs.org/which 39ms
77 silly pacote range manifest for shebang-command@^1.2.0 fetched in 43ms
78 silly resolveWithNewModule shebang-command@1.2.0 checking installable status
79 silly pacote range manifest for which@^1.2.9 fetched in 44ms
80 silly resolveWithNewModule which@1.3.1 checking installable status
81 http fetch GET 200 https://registry.npmjs.org/path-key 48ms
82 http fetch GET 200 https://registry.npmjs.org/path-key/-/path-key-2.0.1.tgz 53ms
83 silly pacote range manifest for path-key@^2.0.1 fetched in 105ms
84 silly resolveWithNewModule path-key@2.0.1 checking installable status
85 http fetch GET 200 https://registry.npmjs.org/nice-try 109ms
86 silly pacote range manifest for nice-try@^1.0.4 fetched in 118ms
87 silly resolveWithNewModule nice-try@1.0.5 checking installable status
88 http fetch GET 200 https://registry.npmjs.org/shebang-regex 103ms
89 http fetch GET 200 https://registry.npmjs.org/shebang-regex/-/shebang-regex-1.0.0.tgz 40ms
90 silly pacote range manifest for shebang-regex@^1.0.0 fetched in 146ms
91 silly resolveWithNewModule shebang-regex@1.0.0 checking installable status
92 http fetch GET 200 https://registry.npmjs.org/isexe 29ms
93 silly pacote range manifest for isexe@^2.0.0 fetched in 32ms
94 silly resolveWithNewModule isexe@2.0.0 checking installable status
95 http fetch GET 200 https://registry.npmjs.org/universalify 50ms
96 http fetch GET 200 https://registry.npmjs.org/jsonfile 51ms
97 http fetch GET 200 https://registry.npmjs.org/graceful-fs 55ms
98 silly pacote range manifest for universalify@^0.1.0 fetched in 58ms
99 silly resolveWithNewModule universalify@0.1.2 checking installable status
100 silly pacote range manifest for graceful-fs@^4.1.2 fetched in 60ms
101 silly resolveWithNewModule graceful-fs@4.2.0 checking installable status
102 http fetch GET 200 https://registry.npmjs.org/jsonfile/-/jsonfile-4.0.0.tgz 45ms
103 silly pacote range manifest for jsonfile@^4.0.0 fetched in 103ms
104 silly resolveWithNewModule jsonfile@4.0.0 checking installable status
105 http fetch GET 200 https://registry.npmjs.org/buffer-from 36ms
106 http fetch GET 200 https://registry.npmjs.org/duplexer2 37ms
107 http fetch GET 200 https://registry.npmjs.org/through2 37ms
108 silly pacote range manifest for buffer-from@^0.1.1 fetched in 42ms
109 silly resolveWithNewModule buffer-from@0.1.2 checking installable status
110 silly pacote range manifest for duplexer2@~0.0.2 fetched in 43ms
111 silly resolveWithNewModule duplexer2@0.0.2 checking installable status
112 http fetch GET 200 https://registry.npmjs.org/through2/-/through2-0.6.5.tgz 42ms
113 silly pacote range manifest for through2@~0.6.3 fetched in 84ms
114 silly resolveWithNewModule through2@0.6.5 checking installable status
115 http fetch GET 200 https://registry.npmjs.org/readable-stream 36ms
116 http fetch GET 200 https://registry.npmjs.org/readable-stream/-/readable-stream-1.1.14.tgz 42ms
117 silly pacote range manifest for readable-stream@~1.1.9 fetched in 82ms
118 silly resolveWithNewModule readable-stream@1.1.14 checking installable status
119 http fetch GET 200 https://registry.npmjs.org/core-util-is 45ms
120 http fetch GET 200 https://registry.npmjs.org/isarray 46ms
121 http fetch GET 200 https://registry.npmjs.org/inherits 38ms
122 http fetch GET 200 https://registry.npmjs.org/string_decoder 41ms
123 silly pacote range manifest for core-util-is@~1.0.0 fetched in 55ms
124 silly resolveWithNewModule core-util-is@1.0.2 checking installable status
125 silly pacote range manifest for inherits@~2.0.1 fetched in 56ms
126 silly resolveWithNewModule inherits@2.0.4 checking installable status
127 http fetch GET 200 https://registry.npmjs.org/string_decoder/-/string_decoder-0.10.31.tgz 40ms
128 silly pacote range manifest for string_decoder@~0.10.x fetched in 85ms
129 silly resolveWithNewModule string_decoder@0.10.31 checking installable status
130 http fetch GET 200 https://registry.npmjs.org/isarray/-/isarray-0.0.1.tgz 87ms
131 silly pacote version manifest for isarray@0.0.1 fetched in 136ms
132 silly resolveWithNewModule isarray@0.0.1 checking installable status
133 http fetch GET 200 https://registry.npmjs.org/readable-stream/-/readable-stream-1.0.34.tgz 30ms
134 silly pacote range manifest for readable-stream@>=1.0.33-1 <1.1.0-0 fetched in 35ms
135 silly resolveWithNewModule readable-stream@1.0.34 checking installable status
136 http fetch GET 200 https://registry.npmjs.org/xtend 42ms
137 silly pacote range manifest for xtend@>=4.0.0 <4.1.0-0 fetched in 44ms
138 silly resolveWithNewModule xtend@4.0.2 checking installable status
139 http fetch GET 200 https://registry.npmjs.org/string-width 52ms
140 http fetch GET 200 https://registry.npmjs.org/run-async 62ms
141 http fetch GET 200 https://registry.npmjs.org/cli-width 63ms
142 http fetch GET 200 https://registry.npmjs.org/external-editor 63ms
143 http fetch GET 200 https://registry.npmjs.org/figures 67ms
144 http fetch GET 200 https://registry.npmjs.org/ansi-escapes 70ms
145 http fetch GET 200 https://registry.npmjs.org/lodash 71ms
146 http fetch GET 200 https://registry.npmjs.org/rxjs 75ms
147 http fetch GET 200 https://registry.npmjs.org/cli-cursor 132ms
148 silly pacote range manifest for run-async@^2.2.0 fetched in 137ms
149 silly resolveWithNewModule run-async@2.3.0 checking installable status
150 silly pacote range manifest for cli-width@^2.0.0 fetched in 138ms
151 silly resolveWithNewModule cli-width@2.2.0 checking installable status
152 silly pacote range manifest for external-editor@^3.0.3 fetched in 139ms
153 silly resolveWithNewModule external-editor@3.1.0 checking installable status
154 silly pacote range manifest for ansi-escapes@^3.2.0 fetched in 142ms
155 silly resolveWithNewModule ansi-escapes@3.2.0 checking installable status
156 http fetch GET 200 https://registry.npmjs.org/mute-stream 141ms
157 silly pacote range manifest for lodash@^4.17.11 fetched in 146ms
158 silly resolveWithNewModule lodash@4.17.15 checking installable status
159 http fetch GET 200 https://registry.npmjs.org/figures/-/figures-2.0.0.tgz 77ms
160 http fetch GET 200 https://registry.npmjs.org/string-width/-/string-width-2.1.1.tgz 88ms
161 silly pacote range manifest for rxjs@^6.4.0 fetched in 148ms
162 silly resolveWithNewModule rxjs@6.5.2 checking installable status
163 silly pacote range manifest for figures@^2.0.0 fetched in 156ms
164 silly resolveWithNewModule figures@2.0.0 checking installable status
165 silly pacote range manifest for string-width@^2.1.0 fetched in 155ms
166 silly resolveWithNewModule string-width@2.1.1 checking installable status
167 http fetch GET 200 https://registry.npmjs.org/strip-ansi 32ms
168 http fetch GET 200 https://registry.npmjs.org/cli-cursor/-/cli-cursor-2.1.0.tgz 42ms
169 http fetch GET 200 https://registry.npmjs.org/through 34ms
170 silly pacote range manifest for strip-ansi@^5.0.0 fetched in 46ms
171 silly resolveWithNewModule strip-ansi@5.2.0 checking installable status
172 silly pacote range manifest for cli-cursor@^2.1.0 fetched in 191ms
173 silly resolveWithNewModule cli-cursor@2.1.0 checking installable status
174 http fetch GET 200 https://registry.npmjs.org/mute-stream/-/mute-stream-0.0.7.tgz 45ms
175 silly pacote version manifest for mute-stream@0.0.7 fetched in 191ms
176 silly resolveWithNewModule mute-stream@0.0.7 checking installable status
177 http fetch GET 200 https://registry.npmjs.org/through/-/through-2.3.8.tgz 26ms
178 silly pacote range manifest for through@^2.3.6 fetched in 63ms
179 silly resolveWithNewModule through@2.3.8 checking installable status
180 http fetch GET 200 https://registry.npmjs.org/restore-cursor 28ms
181 http fetch GET 200 https://registry.npmjs.org/restore-cursor/-/restore-cursor-2.0.0.tgz 30ms
182 silly pacote range manifest for restore-cursor@^2.0.0 fetched in 61ms
183 silly resolveWithNewModule restore-cursor@2.0.0 checking installable status
184 http fetch GET 200 https://registry.npmjs.org/signal-exit 28ms
185 silly pacote range manifest for signal-exit@^3.0.2 fetched in 35ms
186 silly resolveWithNewModule signal-exit@3.0.2 checking installable status
187 http fetch GET 200 https://registry.npmjs.org/onetime 40ms
188 http fetch GET 200 https://registry.npmjs.org/onetime/-/onetime-2.0.1.tgz 40ms
189 silly pacote range manifest for onetime@^2.0.0 fetched in 82ms
190 silly resolveWithNewModule onetime@2.0.1 checking installable status
191 http fetch GET 200 https://registry.npmjs.org/mimic-fn 31ms
192 http fetch GET 200 https://registry.npmjs.org/mimic-fn/-/mimic-fn-1.2.0.tgz 37ms
193 silly pacote range manifest for mimic-fn@^1.0.0 fetched in 72ms
194 silly resolveWithNewModule mimic-fn@1.2.0 checking installable status
195 http fetch GET 200 https://registry.npmjs.org/chardet 30ms
196 silly pacote range manifest for chardet@^0.7.0 fetched in 42ms
197 silly resolveWithNewModule chardet@0.7.0 checking installable status
198 http fetch GET 200 https://registry.npmjs.org/iconv-lite 43ms
199 silly pacote range manifest for iconv-lite@^0.4.24 fetched in 46ms
200 silly resolveWithNewModule iconv-lite@0.4.24 checking installable status
201 http fetch GET 200 https://registry.npmjs.org/safer-buffer 30ms
202 silly pacote range manifest for safer-buffer@>= 2.1.2 < 3 fetched in 38ms
203 silly resolveWithNewModule safer-buffer@2.1.2 checking installable status
204 http fetch GET 200 https://registry.npmjs.org/os-tmpdir 30ms
205 http fetch GET 200 https://registry.npmjs.org/os-tmpdir/-/os-tmpdir-1.0.2.tgz 30ms
206 silly pacote range manifest for os-tmpdir@~1.0.2 fetched in 63ms
207 silly resolveWithNewModule os-tmpdir@1.0.2 checking installable status
208 http fetch GET 200 https://registry.npmjs.org/is-promise 25ms
209 silly pacote range manifest for is-promise@^2.1.0 fetched in 27ms
210 silly resolveWithNewModule is-promise@2.1.0 checking installable status
211 http fetch GET 200 https://registry.npmjs.org/tslib 30ms
212 silly pacote range manifest for tslib@^1.9.0 fetched in 33ms
213 silly resolveWithNewModule tslib@1.10.0 checking installable status
214 http fetch GET 200 https://registry.npmjs.org/strip-ansi/-/strip-ansi-4.0.0.tgz 30ms
215 silly pacote range manifest for strip-ansi@^4.0.0 fetched in 32ms
216 silly resolveWithNewModule strip-ansi@4.0.0 checking installable status
217 http fetch GET 200 https://registry.npmjs.org/is-fullwidth-code-point 81ms
218 http fetch GET 200 https://registry.npmjs.org/is-fullwidth-code-point/-/is-fullwidth-code-point-2.0.0.tgz 31ms
219 silly pacote range manifest for is-fullwidth-code-point@^2.0.0 fetched in 114ms
220 silly resolveWithNewModule is-fullwidth-code-point@2.0.0 checking installable status
221 http fetch GET 200 https://registry.npmjs.org/ansi-regex 32ms
222 http fetch GET 200 https://registry.npmjs.org/ansi-regex/-/ansi-regex-3.0.0.tgz 388ms
223 silly pacote range manifest for ansi-regex@^3.0.0 fetched in 424ms
224 silly resolveWithNewModule ansi-regex@3.0.0 checking installable status
225 silly pacote range manifest for ansi-regex@^4.1.0 fetched in 2ms
226 silly resolveWithNewModule ansi-regex@4.1.0 checking installable status
227 silly pacote range manifest for readable-stream@^2.1.4 fetched in 13ms
228 silly resolveWithNewModule readable-stream@2.3.6 checking installable status
229 http fetch GET 200 https://registry.npmjs.org/once 46ms
230 http fetch GET 200 https://registry.npmjs.org/rimraf 47ms
231 http fetch GET 200 https://registry.npmjs.org/fstream 49ms
232 http fetch GET 200 https://registry.npmjs.org/fstream-ignore 49ms
233 silly pacote range manifest for once@^1.3.3 fetched in 58ms
234 silly resolveWithNewModule once@1.4.0 checking installable status
235 silly pacote range manifest for fstream@^1.0.10 fetched in 60ms
236 silly resolveWithNewModule fstream@1.0.12 checking installable status
237 silly pacote range manifest for fstream-ignore@^1.0.5 fetched in 60ms
238 silly resolveWithNewModule fstream-ignore@1.0.5 checking installable status
239 silly pacote range manifest for rimraf@^2.5.1 fetched in 61ms
240 silly resolveWithNewModule rimraf@2.6.3 checking installable status
241 http fetch GET 200 https://registry.npmjs.org/tar 61ms
242 http fetch GET 200 https://registry.npmjs.org/debug 63ms
243 http fetch GET 200 https://registry.npmjs.org/uid-number 76ms
244 silly pacote range manifest for tar@^2.2.1 fetched in 78ms
245 silly resolveWithNewModule tar@2.2.2 checking installable status
246 silly pacote range manifest for uid-number@^0.0.6 fetched in 78ms
247 silly resolveWithNewModule uid-number@0.0.6 checking installable status
248 http fetch GET 200 https://registry.npmjs.org/debug/-/debug-2.6.9.tgz 41ms
249 silly pacote range manifest for debug@^2.2.0 fetched in 118ms
250 silly resolveWithNewModule debug@2.6.9 checking installable status
251 http fetch GET 200 https://registry.npmjs.org/ms 40ms
252 http fetch GET 200 https://registry.npmjs.org/ms/-/ms-2.0.0.tgz 29ms
253 silly pacote version manifest for ms@2.0.0 fetched in 72ms
254 silly resolveWithNewModule ms@2.0.0 checking installable status
255 http fetch GET 200 https://registry.npmjs.org/mkdirp 35ms
256 http fetch GET 200 https://registry.npmjs.org/mkdirp/-/mkdirp-0.5.1.tgz 37ms
257 silly pacote range manifest for mkdirp@>=0.5 0 fetched in 74ms
258 silly resolveWithNewModule mkdirp@0.5.1 checking installable status
259 http fetch GET 200 https://registry.npmjs.org/minimist 46ms
260 http fetch GET 200 https://registry.npmjs.org/minimist/-/minimist-0.0.8.tgz 39ms
261 silly pacote version manifest for minimist@0.0.8 fetched in 88ms
262 silly resolveWithNewModule minimist@0.0.8 checking installable status
263 http fetch GET 200 https://registry.npmjs.org/glob 26ms
264 silly pacote range manifest for glob@^7.1.3 fetched in 29ms
265 silly resolveWithNewModule glob@7.1.4 checking installable status
266 http fetch GET 200 https://registry.npmjs.org/path-is-absolute 37ms
267 http fetch GET 200 https://registry.npmjs.org/fs.realpath 38ms
268 http fetch GET 200 https://registry.npmjs.org/inflight 37ms
269 silly pacote range manifest for fs.realpath@^1.0.0 fetched in 43ms
270 silly resolveWithNewModule fs.realpath@1.0.0 checking installable status
271 silly pacote range manifest for inflight@^1.0.4 fetched in 43ms
272 silly resolveWithNewModule inflight@1.0.6 checking installable status
273 http fetch GET 200 https://registry.npmjs.org/path-is-absolute/-/path-is-absolute-1.0.1.tgz 28ms
274 silly pacote range manifest for path-is-absolute@^1.0.0 fetched in 68ms
275 silly resolveWithNewModule path-is-absolute@1.0.1 checking installable status
276 http fetch GET 200 https://registry.npmjs.org/minimatch 209ms
277 http fetch GET 200 https://registry.npmjs.org/minimatch/-/minimatch-3.0.4.tgz 47ms
278 silly pacote range manifest for minimatch@^3.0.4 fetched in 259ms
279 silly resolveWithNewModule minimatch@3.0.4 checking installable status
280 http fetch GET 200 https://registry.npmjs.org/wrappy 31ms
281 silly pacote range manifest for wrappy@1 fetched in 33ms
282 silly resolveWithNewModule wrappy@1.0.2 checking installable status
283 http fetch GET 200 https://registry.npmjs.org/brace-expansion 32ms
284 silly pacote range manifest for brace-expansion@^1.1.7 fetched in 34ms
285 silly resolveWithNewModule brace-expansion@1.1.11 checking installable status
286 http fetch GET 200 https://registry.npmjs.org/concat-map 25ms
287 http fetch GET 200 https://registry.npmjs.org/balanced-match 27ms
288 silly pacote version manifest for concat-map@0.0.1 fetched in 29ms
289 silly resolveWithNewModule concat-map@0.0.1 checking installable status
290 silly pacote range manifest for balanced-match@^1.0.0 fetched in 30ms
291 silly resolveWithNewModule balanced-match@1.0.0 checking installable status
292 silly pacote range manifest for string_decoder@~1.1.1 fetched in 5ms
293 silly resolveWithNewModule string_decoder@1.1.1 checking installable status
294 http fetch GET 200 https://registry.npmjs.org/process-nextick-args 34ms
295 http fetch GET 200 https://registry.npmjs.org/safe-buffer 38ms
296 http fetch GET 200 https://registry.npmjs.org/isarray/-/isarray-1.0.0.tgz 39ms
297 silly pacote range manifest for process-nextick-args@~2.0.0 fetched in 47ms
298 silly resolveWithNewModule process-nextick-args@2.0.1 checking installable status
299 silly pacote range manifest for safe-buffer@~5.1.1 fetched in 50ms
300 silly resolveWithNewModule safe-buffer@5.1.2 checking installable status
301 silly pacote range manifest for isarray@~1.0.0 fetched in 56ms
302 silly resolveWithNewModule isarray@1.0.0 checking installable status
303 http fetch GET 200 https://registry.npmjs.org/util-deprecate 97ms
304 silly pacote range manifest for util-deprecate@~1.0.1 fetched in 104ms
305 silly resolveWithNewModule util-deprecate@1.0.2 checking installable status
306 http fetch GET 200 https://registry.npmjs.org/block-stream 25ms
307 silly pacote range manifest for block-stream@* fetched in 30ms
308 silly resolveWithNewModule block-stream@0.0.9 checking installable status
309 http fetch GET 200 https://registry.npmjs.org/builtins 42ms
310 http fetch GET 200 https://registry.npmjs.org/builtins/-/builtins-1.0.3.tgz 85ms
311 silly pacote range manifest for builtins@^1.0.3 fetched in 129ms
312 silly resolveWithNewModule builtins@1.0.3 checking installable status
313 timing stage:loadIdealTree:loadAllDepsIntoIdealTree Completed in 3630ms
314 timing stage:loadIdealTree Completed in 3667ms
315 silly currentTree lib
316 silly idealTree lib
316 silly idealTree └─┬ create-react-app@3.0.1
316 silly idealTree   ├── ansi-escapes@3.2.0
316 silly idealTree   ├── ansi-regex@3.0.0
316 silly idealTree   ├── ansi-styles@3.2.1
316 silly idealTree   ├── balanced-match@1.0.0
316 silly idealTree   ├── block-stream@0.0.9
316 silly idealTree   ├── brace-expansion@1.1.11
316 silly idealTree   ├── buffer-from@0.1.2
316 silly idealTree   ├── builtins@1.0.3
316 silly idealTree   ├── chalk@2.4.2
316 silly idealTree   ├── chardet@0.7.0
316 silly idealTree   ├── cli-cursor@2.1.0
316 silly idealTree   ├── cli-width@2.2.0
316 silly idealTree   ├── color-convert@1.9.3
316 silly idealTree   ├── color-name@1.1.3
316 silly idealTree   ├── commander@2.19.0
316 silly idealTree   ├── concat-map@0.0.1
316 silly idealTree   ├── core-util-is@1.0.2
316 silly idealTree   ├─┬ cross-spawn@6.0.5
316 silly idealTree   │ └── semver@5.7.0
316 silly idealTree   ├── debug@2.6.9
316 silly idealTree   ├── duplexer2@0.0.2
316 silly idealTree   ├── envinfo@7.1.0
316 silly idealTree   ├── escape-string-regexp@1.0.5
316 silly idealTree   ├── external-editor@3.1.0
316 silly idealTree   ├── figures@2.0.0
316 silly idealTree   ├── fs-extra@7.0.1
316 silly idealTree   ├── fs.realpath@1.0.0
316 silly idealTree   ├── fstream-ignore@1.0.5
316 silly idealTree   ├── fstream@1.0.12
316 silly idealTree   ├── glob@7.1.4
316 silly idealTree   ├── graceful-fs@4.2.0
316 silly idealTree   ├── has-flag@3.0.0
316 silly idealTree   ├── hyperquest@2.1.3
316 silly idealTree   ├── iconv-lite@0.4.24
316 silly idealTree   ├── inflight@1.0.6
316 silly idealTree   ├── inherits@2.0.4
316 silly idealTree   ├── inquirer@6.2.2
316 silly idealTree   ├── is-fullwidth-code-point@2.0.0
316 silly idealTree   ├── is-promise@2.1.0
316 silly idealTree   ├── isarray@0.0.1
316 silly idealTree   ├── isexe@2.0.0
316 silly idealTree   ├── jsonfile@4.0.0
316 silly idealTree   ├── lodash@4.17.15
316 silly idealTree   ├── mimic-fn@1.2.0
316 silly idealTree   ├── minimatch@3.0.4
316 silly idealTree   ├── minimist@0.0.8
316 silly idealTree   ├── mkdirp@0.5.1
316 silly idealTree   ├── ms@2.0.0
316 silly idealTree   ├── mute-stream@0.0.7
316 silly idealTree   ├── nice-try@1.0.5
316 silly idealTree   ├── once@1.4.0
316 silly idealTree   ├── onetime@2.0.1
316 silly idealTree   ├── os-tmpdir@1.0.2
316 silly idealTree   ├── path-is-absolute@1.0.1
316 silly idealTree   ├── path-key@2.0.1
316 silly idealTree   ├── process-nextick-args@2.0.1
316 silly idealTree   ├── readable-stream@1.1.14
316 silly idealTree   ├── restore-cursor@2.0.0
316 silly idealTree   ├── rimraf@2.6.3
316 silly idealTree   ├── run-async@2.3.0
316 silly idealTree   ├── rxjs@6.5.2
316 silly idealTree   ├── safe-buffer@5.1.2
316 silly idealTree   ├── safer-buffer@2.1.2
316 silly idealTree   ├── semver@6.0.0
316 silly idealTree   ├── shebang-command@1.2.0
316 silly idealTree   ├── shebang-regex@1.0.0
316 silly idealTree   ├── signal-exit@3.0.2
316 silly idealTree   ├── string_decoder@0.10.31
316 silly idealTree   ├─┬ string-width@2.1.1
316 silly idealTree   │ └── strip-ansi@4.0.0
316 silly idealTree   ├─┬ strip-ansi@5.2.0
316 silly idealTree   │ └── ansi-regex@4.1.0
316 silly idealTree   ├── supports-color@5.5.0
316 silly idealTree   ├─┬ tar-pack@3.4.1
316 silly idealTree   │ ├── isarray@1.0.0
316 silly idealTree   │ ├── readable-stream@2.3.6
316 silly idealTree   │ └── string_decoder@1.1.1
316 silly idealTree   ├── tar@2.2.2
316 silly idealTree   ├── through@2.3.8
316 silly idealTree   ├─┬ through2@0.6.5
316 silly idealTree   │ └── readable-stream@1.0.34
316 silly idealTree   ├── tmp@0.0.33
316 silly idealTree   ├── tslib@1.10.0
316 silly idealTree   ├── uid-number@0.0.6
316 silly idealTree   ├── universalify@0.1.2
316 silly idealTree   ├── util-deprecate@1.0.2
316 silly idealTree   ├── validate-npm-package-name@3.0.0
316 silly idealTree   ├── which@1.3.1
316 silly idealTree   ├── wrappy@1.0.2
316 silly idealTree   └── xtend@4.0.2
317 silly install generateActionsToTake
318 warn checkPermissions Missing write access to /usr/lib/node_modules
319 timing stage:rollbackFailedOptional Completed in 0ms
320 timing stage:runTopLevelLifecycles Completed in 3870ms
321 verbose stack Error: EACCES: permission denied, access '/usr/lib/node_modules'
322 verbose cwd /home/ruban_ponraj88
323 verbose Linux 4.15.0-1036-gcp
324 verbose argv "/usr/bin/node" "/usr/bin/npm" "install" "-g" "create-react-app"
325 verbose node v12.6.0
326 verbose npm  v6.9.0
327 error path /usr/lib/node_modules
328 error code EACCES
329 error errno -13
330 error syscall access
331 error Error: EACCES: permission denied, access '/usr/lib/node_modules'
331 error  [Error: EACCES: permission denied, access '/usr/lib/node_modules'] {
331 error   stack: "Error: EACCES: permission denied, access '/usr/lib/node_modules'",
331 error   errno: -13,
331 error   code: 'EACCES',
331 error   syscall: 'access',
331 error   path: '/usr/lib/node_modules'
331 error }
332 error The operation was rejected by your operating system.
332 error It is likely you do not have the permissions to access this file as the current user
332 error
332 error If you believe this might be a permissions issue, please double-check the
332 error permissions of the file and its containing directories, or try running
332 error the command again as root/Administrator (though this is not recommended).
333 verbose exit [ -13, true ]
